<?xml version="1.0" encoding="UTF-8"?>
<!-- Generated by org.testng.reporters.JUnitReportReporter -->
<testsuite hostname="LAPTOP-O46ERM3P" failures="0" tests="2" name="testsi.testsiproject" time="0.013" errors="0" timestamp="2021-01-25T23:27:21 IST" skipped="1">
  <testcase classname="testsi.testsiproject" name="century_plus" time="0.013"/>
  <system-out/>
  <testcase classname="testsi.testsiproject" name="newsampoorna">
    <skipped/>
  </testcase> <!-- newsampoorna -->
  <system-out/>
</testsuite> <!-- testsi.testsiproject -->
